  PlayState.cpp
  Entity.cpp
  GUI.cpp
  GUIDatabase.cpp
  GUIManager.cpp
  InventoryGUI.cpp
  RightArm.cpp
  BlockInteractsInput.cpp
  CameraInput.cpp
  HitHandler.cpp
  InventoryInput.cpp
  MovementsInput.cpp
  ZoomHandler.cpp
  DroppedItem.cpp
  Item.cpp
  ItemModel.cpp
C:\Users\User\source\repos\Minecraft\Minecraft\src\math\Mathf.h(6,39): warning C4305: инициализация: усечение из "double" в "const float"
  (компиляция исходного файла "src/input/handlers/HitHandler.cpp")
  
C:\Users\User\source\repos\Minecraft\Minecraft\src\math\Mathf.h(6,39): warning C4305: инициализация: усечение из "double" в "const float"
  (компиляция исходного файла "src/input/handlers/CameraInput.cpp")
  
C:\Users\User\source\repos\Minecraft\Minecraft\src\math\Mathf.h(6,39): warning C4305: инициализация: усечение из "double" в "const float"
  (компиляция исходного файла "src/gui/InventoryGUI.cpp")
  
C:\Users\User\source\repos\Minecraft\Minecraft\src\math\Mathf.h(6,39): warning C4305: инициализация: усечение из "double" в "const float"
  (компиляция исходного файла "src/input/handlers/InventoryInput.cpp")
  
C:\Users\User\source\repos\Minecraft\Minecraft\src\math\Mathf.h(6,39): warning C4305: инициализация: усечение из "double" в "const float"
  (компиляция исходного файла "src/input/handlers/BlockInteractsInput.cpp")
  
C:\Users\User\source\repos\Minecraft\Minecraft\src\math\Mathf.h(6,39): warning C4305: инициализация: усечение из "double" в "const float"
  (компиляция исходного файла "src/items/DroppedItem.cpp")
  
C:\Users\User\source\repos\Minecraft\Minecraft\src\math\Mathf.h(6,39): warning C4305: инициализация: усечение из "double" в "const float"
  (компиляция исходного файла "src/gui/RightArm.cpp")
  
C:\Users\User\source\repos\Minecraft\Minecraft\src\math\Mathf.h(6,39): warning C4305: инициализация: усечение из "double" в "const float"
  (компиляция исходного файла "src/input/handlers/MovementsInput.cpp")
  
C:\Users\User\source\repos\Minecraft\Minecraft\src\math\Mathf.h(6,39): warning C4305: инициализация: усечение из "double" в "const float"
  (компиляция исходного файла "src/gui/GUIManager.cpp")
  
C:\Users\User\source\repos\Minecraft\Minecraft\src\math\Mathf.h(6,39): warning C4305: инициализация: усечение из "double" в "const float"
  (компиляция исходного файла "src/PlayState.cpp")
  
C:\Users\User\source\repos\Minecraft\Minecraft\src\math\Mathf.h(6,39): warning C4305: инициализация: усечение из "double" в "const float"
  (компиляция исходного файла "src/input/handlers/ZoomHandler.cpp")
  
C:\Users\User\source\repos\Minecraft\Minecraft\src\math\Mathf.h(6,39): warning C4305: инициализация: усечение из "double" в "const float"
  (компиляция исходного файла "src/gui/GUIDatabase.cpp")
  
C:\Users\User\source\repos\Minecraft\Minecraft\src\math\Mathf.h(6,39): warning C4305: инициализация: усечение из "double" в "const float"
  (компиляция исходного файла "src/gui/GUI.cpp")
  
C:\Users\User\source\repos\Minecraft\Minecraft\src\math\Mathf.h(6,39): warning C4305: инициализация: усечение из "double" в "const float"
  (компиляция исходного файла "src/items/ItemModel.cpp")
  
C:\Users\User\source\repos\Minecraft\Minecraft\src\math\Mathf.h(6,39): warning C4305: инициализация: усечение из "double" в "const float"
  (компиляция исходного файла "src/entity/Entity.cpp")
  
C:\Users\User\source\repos\Minecraft\Minecraft\src\math\Mathf.h(6,39): warning C4305: инициализация: усечение из "double" в "const float"
  (компиляция исходного файла "src/items/Item.cpp")
  
C:\Users\User\source\repos\Minecraft\Minecraft\src\animation\skeletal\Animation.h(25,37): warning C4244: return: преобразование "double" в "float", возможна потеря данных
  (компиляция исходного файла "src/entity/Entity.cpp")
  
C:\Users\User\source\repos\Minecraft\Minecraft\src\animation\skeletal\Animation.h(26,31): warning C4244: return: преобразование "double" в "float", возможна потеря данных
  (компиляция исходного файла "src/entity/Entity.cpp")
  
C:\Users\User\source\repos\Minecraft\Minecraft\src\animation\skeletal\Animation.h(25,37): warning C4244: return: преобразование "double" в "float", возможна потеря данных
  (компиляция исходного файла "src/input/handlers/BlockInteractsInput.cpp")
  
C:\Users\User\source\repos\Minecraft\Minecraft\src\animation\skeletal\Animation.h(26,31): warning C4244: return: преобразование "double" в "float", возможна потеря данных
  (компиляция исходного файла "src/input/handlers/BlockInteractsInput.cpp")
  
C:\Users\User\source\repos\Minecraft\Minecraft\src\animation\skeletal\Animation.h(25,37): warning C4244: return: преобразование "double" в "float", возможна потеря данных
  (компиляция исходного файла "src/items/Item.cpp")
  
C:\Users\User\source\repos\Minecraft\Minecraft\src\animation\skeletal\Animation.h(26,31): warning C4244: return: преобразование "double" в "float", возможна потеря данных
  (компиляция исходного файла "src/items/Item.cpp")
  
C:\Users\User\source\repos\Minecraft\Minecraft\src\animation\skeletal\Animation.h(25,37): warning C4244: return: преобразование "double" в "float", возможна потеря данных
  (компиляция исходного файла "src/input/handlers/CameraInput.cpp")
  
C:\Users\User\source\repos\Minecraft\Minecraft\src\animation\skeletal\Animation.h(26,31): warning C4244: return: преобразование "double" в "float", возможна потеря данных
  (компиляция исходного файла "src/input/handlers/CameraInput.cpp")
  
C:\Users\User\source\repos\Minecraft\Minecraft\src\animation\skeletal\Animation.h(25,37): warning C4244: return: преобразование "double" в "float", возможна потеря данных
  (компиляция исходного файла "src/items/DroppedItem.cpp")
  
C:\Users\User\source\repos\Minecraft\Minecraft\src\animation\skeletal\Animation.h(26,31): warning C4244: return: преобразование "double" в "float", возможна потеря данных
  (компиляция исходного файла "src/items/DroppedItem.cpp")
  
C:\Users\User\source\repos\Minecraft\Minecraft\src\animation\skeletal\Animation.h(25,37): warning C4244: return: преобразование "double" в "float", возможна потеря данных
  (компиляция исходного файла "src/gui/GUIDatabase.cpp")
  
C:\Users\User\source\repos\Minecraft\Minecraft\src\animation\skeletal\Animation.h(26,31): warning C4244: return: преобразование "double" в "float", возможна потеря данных
  (компиляция исходного файла "src/gui/GUIDatabase.cpp")
  
C:\Users\User\source\repos\Minecraft\Minecraft\src\animation\skeletal\Animation.h(25,37): warning C4244: return: преобразование "double" в "float", возможна потеря данных
  (компиляция исходного файла "src/gui/InventoryGUI.cpp")
  
C:\Users\User\source\repos\Minecraft\Minecraft\src\animation\skeletal\Animation.h(26,31): warning C4244: return: преобразование "double" в "float", возможна потеря данных
  (компиляция исходного файла "src/gui/InventoryGUI.cpp")
  
C:\Users\User\source\repos\Minecraft\Minecraft\src\animation\skeletal\Animation.h(25,37): warning C4244: return: преобразование "double" в "float", возможна потеря данных
  (компиляция исходного файла "src/gui/GUIManager.cpp")
  
C:\Users\User\source\repos\Minecraft\Minecraft\src\animation\skeletal\Animation.h(26,31): warning C4244: return: преобразование "double" в "float", возможна потеря данных
  (компиляция исходного файла "src/gui/GUIManager.cpp")
  
C:\Users\User\source\repos\Minecraft\Minecraft\src\animation\skeletal\Animation.h(25,37): warning C4244: return: преобразование "double" в "float", возможна потеря данных
  (компиляция исходного файла "src/input/handlers/MovementsInput.cpp")
  
C:\Users\User\source\repos\Minecraft\Minecraft\src\animation\skeletal\Animation.h(26,31): warning C4244: return: преобразование "double" в "float", возможна потеря данных
  (компиляция исходного файла "src/input/handlers/MovementsInput.cpp")
  
C:\Users\User\source\repos\Minecraft\Minecraft\src\gui\InventoryGUI.cpp(71,57): warning C4244: =: преобразование "float" в "int", возможна потеря данных
C:\Users\User\source\repos\Minecraft\Minecraft\src\gui\InventoryGUI.cpp(117,78): warning C4244: аргумент: преобразование "int" в "float", возможна потеря данных
C:\Users\User\source\repos\Minecraft\Minecraft\src\gui\InventoryGUI.cpp(117,57): warning C4244: аргумент: преобразование "int" в "float", возможна потеря данных
C:\Users\User\source\repos\Minecraft\Minecraft\src\gui\InventoryGUI.cpp(120,56): warning C4244: =: преобразование "float" в "int", возможна потеря данных
C:\Users\User\source\repos\Minecraft\Minecraft\src\animation\skeletal\Animation.h(25,37): warning C4244: return: преобразование "double" в "float", возможна потеря данных
  (компиляция исходного файла "src/PlayState.cpp")
  
C:\Users\User\source\repos\Minecraft\Minecraft\src\animation\skeletal\Animation.h(26,31): warning C4244: return: преобразование "double" в "float", возможна потеря данных
  (компиляция исходного файла "src/PlayState.cpp")
  
C:\Users\User\source\repos\Minecraft\Minecraft\src\animation\skeletal\Animation.h(25,37): warning C4244: return: преобразование "double" в "float", возможна потеря данных
  (компиляция исходного файла "src/input/handlers/InventoryInput.cpp")
  
C:\Users\User\source\repos\Minecraft\Minecraft\src\animation\skeletal\Animation.h(26,31): warning C4244: return: преобразование "double" в "float", возможна потеря данных
  (компиляция исходного файла "src/input/handlers/InventoryInput.cpp")
  
C:\Users\User\source\repos\Minecraft\Minecraft\src\animation\skeletal\Animation.h(25,37): warning C4244: return: преобразование "double" в "float", возможна потеря данных
  (компиляция исходного файла "src/input/handlers/HitHandler.cpp")
  
C:\Users\User\source\repos\Minecraft\Minecraft\src\animation\skeletal\Animation.h(26,31): warning C4244: return: преобразование "double" в "float", возможна потеря данных
  (компиляция исходного файла "src/input/handlers/HitHandler.cpp")
  
C:\Users\User\source\repos\Minecraft\Minecraft\src\animation\skeletal\Animation.h(25,37): warning C4244: return: преобразование "double" в "float", возможна потеря данных
  (компиляция исходного файла "src/gui/GUI.cpp")
  
C:\Users\User\source\repos\Minecraft\Minecraft\src\animation\skeletal\Animation.h(26,31): warning C4244: return: преобразование "double" в "float", возможна потеря данных
  (компиляция исходного файла "src/gui/GUI.cpp")
  
C:\Users\User\source\repos\Minecraft\Minecraft\src\animation\skeletal\Animation.h(25,37): warning C4244: return: преобразование "double" в "float", возможна потеря данных
  (компиляция исходного файла "src/input/handlers/ZoomHandler.cpp")
  
C:\Users\User\source\repos\Minecraft\Minecraft\src\animation\skeletal\Animation.h(26,31): warning C4244: return: преобразование "double" в "float", возможна потеря данных
  (компиляция исходного файла "src/input/handlers/ZoomHandler.cpp")
  
C:\Users\User\source\repos\Minecraft\Minecraft\src\animation\skeletal\Animation.h(25,37): warning C4244: return: преобразование "double" в "float", возможна потеря данных
  (компиляция исходного файла "src/gui/RightArm.cpp")
  
C:\Users\User\source\repos\Minecraft\Minecraft\src\animation\skeletal\Animation.h(26,31): warning C4244: return: преобразование "double" в "float", возможна потеря данных
  (компиляция исходного файла "src/gui/RightArm.cpp")
  
C:\Users\User\source\repos\Minecraft\Minecraft\src\entity\Entity.cpp(128,18): warning C4267: инициализация: преобразование из "size_t" в "int"; возможна потеря данных
C:\Users\User\source\repos\Minecraft\Minecraft\src\input\handlers\InventoryInput.cpp(37,17): warning C4244: инициализация: преобразование "genFIType" в "int", возможна потеря данных
C:\Users\User\source\repos\Minecraft\Minecraft\src\input\handlers\InventoryInput.cpp(37,17): warning C4244:         with
C:\Users\User\source\repos\Minecraft\Minecraft\src\input\handlers\InventoryInput.cpp(37,17): warning C4244:         [
C:\Users\User\source\repos\Minecraft\Minecraft\src\input\handlers\InventoryInput.cpp(37,17): warning C4244:             genFIType=double
C:\Users\User\source\repos\Minecraft\Minecraft\src\input\handlers\InventoryInput.cpp(37,17): warning C4244:         ]
C:\Users\User\source\repos\Minecraft\Minecraft\src\gui\GUI.cpp(70,14): warning C4244: инициализация: преобразование "int" в "float", возможна потеря данных
C:\Users\User\source\repos\Minecraft\Minecraft\src\gui\GUI.cpp(71,15): warning C4244: инициализация: преобразование "int" в "float", возможна потеря данных
C:\Program Files\Microsoft Visual Studio\2022\Community\VC\Tools\MSVC\14.43.34808\include\xutility(4829,18): warning C4244: =: преобразование "const wchar_t" в "char", возможна потеря данных
  (компиляция исходного файла "src/gui/GUIDatabase.cpp")
      C:\Program Files\Microsoft Visual Studio\2022\Community\VC\Tools\MSVC\14.43.34808\include\xutility(4829,18):
      контекст создания экземпляра шаблона (сначала самый старый)
          C:\Users\User\source\repos\Minecraft\Minecraft\src\utils\StringConverter.h(13,21):
          выполняется компиляция ссылки на экземпляр шаблон функции "std::basic_string<char,std::char_traits<char>,std::allocator<char>>::basic_string<std::_String_const_iterator<std::_String_val<std::_Simple_types<_Elem>>>,0>(_Iter,_Iter,const _Alloc &)"
          with
          [
              _Elem=wchar_t,
              _Iter=std::_String_const_iterator<std::_String_val<std::_Simple_types<wchar_t>>>,
              _Alloc=std::allocator<char>
          ]
              C:\Users\User\source\repos\Minecraft\Minecraft\src\utils\StringConverter.h(13,3):
              см. первую ссылку на std::basic_string<char,std::char_traits<char>,std::allocator<char>>::basic_string "StringConverter::toString"
          C:\Program Files\Microsoft Visual Studio\2022\Community\VC\Tools\MSVC\14.43.34808\include\xstring(788,17):
          выполняется компиляция ссылки на экземпляр шаблон функции "void std::basic_string<char,std::char_traits<char>,std::allocator<char>>::_Construct_from_iter<const wchar_t*,const wchar_t*,_Size_type>(_Iter,const _Sent,_Size)"
          with
          [
              _Size_type=unsigned __int64,
              _Iter=const wchar_t *,
              _Sent=const wchar_t *,
              _Size=unsigned __int64
          ]
          C:\Program Files\Microsoft Visual Studio\2022\Community\VC\Tools\MSVC\14.43.34808\include\xstring(944,18):
          выполняется компиляция ссылки на экземпляр шаблон функции "_OutIt *std::_Copy_n_unchecked4<const wchar_t*,_Size,char*>(_InIt,_SizeTy,_OutIt)"
          with
          [
              _OutIt=char *,
              _Size=unsigned __int64,
              _InIt=const wchar_t *,
              _SizeTy=unsigned __int64
          ]
  
  ItemStack.cpp
  ItemsDatabase.cpp
  Inventory.cpp
  InventoryView.cpp
  main.cpp
  Transform.cpp
  GameObject.cpp
  PhysicsEngine.cpp
  CollisionDetector.cpp
  Camera.cpp
  Player.cpp
  BlockFrameRenderer.cpp
  ChunkRenderer.cpp
  CloudsRenderer.cpp
  EntityRenderer.cpp
  GUIRenderer.cpp
  Renderer.cpp
C:\Users\User\source\repos\Minecraft\Minecraft\src\math\Mathf.h(6,39): warning C4305: инициализация: усечение из "double" в "const float"
  (компиляция исходного файла "src/items/inventory/InventoryView.cpp")
  
C:\Users\User\source\repos\Minecraft\Minecraft\src\math\Mathf.h(6,39): warning C4305: инициализация: усечение из "double" в "const float"
  (компиляция исходного файла "src/player/Camera.cpp")
  
C:\Users\User\source\repos\Minecraft\Minecraft\src\math\Mathf.h(6,39): warning C4305: инициализация: усечение из "double" в "const float"
  (компиляция исходного файла "src/player/Player.cpp")
  
C:\Users\User\source\repos\Minecraft\Minecraft\src\math\Mathf.h(6,39): warning C4305: инициализация: усечение из "double" в "const float"
  (компиляция исходного файла "src/render/ChunkRenderer.cpp")
  
C:\Users\User\source\repos\Minecraft\Minecraft\src\animation\skeletal\Animation.h(25,37): warning C4244: return: преобразование "double" в "float", возможна потеря данных
  (компиляция исходного файла "src/physics/PhysicsEngine.cpp")
  
C:\Users\User\source\repos\Minecraft\Minecraft\src\animation\skeletal\Animation.h(26,31): warning C4244: return: преобразование "double" в "float", возможна потеря данных
  (компиляция исходного файла "src/physics/PhysicsEngine.cpp")
  
C:\Users\User\source\repos\Minecraft\Minecraft\src\math\Mathf.h(6,39): warning C4305: инициализация: усечение из "double" в "const float"
  (компиляция исходного файла "src/render/CloudsRenderer.cpp")
  
C:\Users\User\source\repos\Minecraft\Minecraft\src\math\Mathf.h(6,39): warning C4305: инициализация: усечение из "double" в "const float"
  (компиляция исходного файла "src/physics/PhysicsEngine.cpp")
  
C:\Users\User\source\repos\Minecraft\Minecraft\src\math\Mathf.h(6,39): warning C4305: инициализация: усечение из "double" в "const float"
  (компиляция исходного файла "src/render/GUIRenderer.cpp")
  
C:\Users\User\source\repos\Minecraft\Minecraft\src\math\Mathf.h(6,39): warning C4305: инициализация: усечение из "double" в "const float"
  (компиляция исходного файла "src/render/EntityRenderer.cpp")
  
C:\Users\User\source\repos\Minecraft\Minecraft\src\animation\skeletal\Animation.h(25,37): warning C4244: return: преобразование "double" в "float", возможна потеря данных
  (компиляция исходного файла "src/physics/collision/CollisionDetector.cpp")
  
C:\Users\User\source\repos\Minecraft\Minecraft\src\animation\skeletal\Animation.h(26,31): warning C4244: return: преобразование "double" в "float", возможна потеря данных
  (компиляция исходного файла "src/physics/collision/CollisionDetector.cpp")
  
C:\Users\User\source\repos\Minecraft\Minecraft\src\math\Mathf.h(6,39): warning C4305: инициализация: усечение из "double" в "const float"
  (компиляция исходного файла "src/physics/collision/CollisionDetector.cpp")
  
C:\Users\User\source\repos\Minecraft\Minecraft\src\math\Mathf.h(6,39): warning C4305: инициализация: усечение из "double" в "const float"
  (компиляция исходного файла "src/items/ItemStack.cpp")
  
C:\Users\User\source\repos\Minecraft\Minecraft\src\animation\skeletal\Animation.h(25,37): warning C4244: return: преобразование "double" в "float", возможна потеря данных
  (компиляция исходного файла "src/physics/GameObject.cpp")
  
C:\Users\User\source\repos\Minecraft\Minecraft\src\animation\skeletal\Animation.h(26,31): warning C4244: return: преобразование "double" в "float", возможна потеря данных
  (компиляция исходного файла "src/physics/GameObject.cpp")
  
C:\Users\User\source\repos\Minecraft\Minecraft\src\math\Mathf.h(6,39): warning C4305: инициализация: усечение из "double" в "const float"
  (компиляция исходного файла "src/physics/GameObject.cpp")
  
C:\Users\User\source\repos\Minecraft\Minecraft\src\math\Mathf.h(6,39): warning C4305: инициализация: усечение из "double" в "const float"
  (компиляция исходного файла "src/items/ItemsDatabase.cpp")
  
C:\Users\User\source\repos\Minecraft\Minecraft\src\math\Mathf.h(6,39): warning C4305: инициализация: усечение из "double" в "const float"
  (компиляция исходного файла "src/items/inventory/Inventory.cpp")
  
C:\Users\User\source\repos\Minecraft\Minecraft\src\animation\skeletal\Animation.h(25,37): warning C4244: return: преобразование "double" в "float", возможна потеря данных
  (компиляция исходного файла "src/items/ItemStack.cpp")
  
C:\Users\User\source\repos\Minecraft\Minecraft\src\animation\skeletal\Animation.h(26,31): warning C4244: return: преобразование "double" в "float", возможна потеря данных
  (компиляция исходного файла "src/items/ItemStack.cpp")
  
C:\Users\User\source\repos\Minecraft\Minecraft\src\math\Mathf.h(6,39): warning C4305: инициализация: усечение из "double" в "const float"
  (компиляция исходного файла "src/render/BlockFrameRenderer.cpp")
  
C:\Users\User\source\repos\Minecraft\Minecraft\src\animation\skeletal\Animation.h(25,37): warning C4244: return: преобразование "double" в "float", возможна потеря данных
  (компиляция исходного файла "src/items/inventory/InventoryView.cpp")
  
C:\Users\User\source\repos\Minecraft\Minecraft\src\animation\skeletal\Animation.h(26,31): warning C4244: return: преобразование "double" в "float", возможна потеря данных
  (компиляция исходного файла "src/items/inventory/InventoryView.cpp")
  
C:\Users\User\source\repos\Minecraft\Minecraft\src\animation\skeletal\Animation.h(25,37): warning C4244: return: преобразование "double" в "float", возможна потеря данных
  (компиляция исходного файла "src/player/Camera.cpp")
  
C:\Users\User\source\repos\Minecraft\Minecraft\src\animation\skeletal\Animation.h(26,31): warning C4244: return: преобразование "double" в "float", возможна потеря данных
  (компиляция исходного файла "src/player/Camera.cpp")
  
C:\Users\User\source\repos\Minecraft\Minecraft\src\animation\skeletal\Animation.h(25,37): warning C4244: return: преобразование "double" в "float", возможна потеря данных
  (компиляция исходного файла "src/player/Player.cpp")
  
C:\Users\User\source\repos\Minecraft\Minecraft\src\animation\skeletal\Animation.h(26,31): warning C4244: return: преобразование "double" в "float", возможна потеря данных
  (компиляция исходного файла "src/player/Player.cpp")
  
C:\Users\User\source\repos\Minecraft\Minecraft\src\animation\skeletal\Animation.h(25,37): warning C4244: return: преобразование "double" в "float", возможна потеря данных
  (компиляция исходного файла "src/render/BlockFrameRenderer.cpp")
  
C:\Users\User\source\repos\Minecraft\Minecraft\src\animation\skeletal\Animation.h(26,31): warning C4244: return: преобразование "double" в "float", возможна потеря данных
  (компиляция исходного файла "src/render/BlockFrameRenderer.cpp")
  
C:\Users\User\source\repos\Minecraft\Minecraft\src\physics\collision\CollisionDetector.cpp(48,117): warning C4244: аргумент: преобразование "double" в "float", возможна потеря данных
C:\Users\User\source\repos\Minecraft\Minecraft\src\math\Mathf.h(6,39): warning C4305: инициализация: усечение из "double" в "const float"
  (компиляция исходного файла "src/render/Renderer.cpp")
  
C:\Users\User\source\repos\Minecraft\Minecraft\src\animation\skeletal\Animation.h(25,37): warning C4244: return: преобразование "double" в "float", возможна потеря данных
  (компиляция исходного файла "src/render/EntityRenderer.cpp")
  
C:\Users\User\source\repos\Minecraft\Minecraft\src\animation\skeletal\Animation.h(26,31): warning C4244: return: преобразование "double" в "float", возможна потеря данных
  (компиляция исходного файла "src/render/EntityRenderer.cpp")
  
C:\Users\User\source\repos\Minecraft\Minecraft\src\animation\skeletal\Animation.h(25,37): warning C4244: return: преобразование "double" в "float", возможна потеря данных
  (компиляция исходного файла "src/render/ChunkRenderer.cpp")
  
C:\Users\User\source\repos\Minecraft\Minecraft\src\animation\skeletal\Animation.h(26,31): warning C4244: return: преобразование "double" в "float", возможна потеря данных
  (компиляция исходного файла "src/render/ChunkRenderer.cpp")
  
C:\Users\User\source\repos\Minecraft\Minecraft\src\animation\skeletal\Animation.h(25,37): warning C4244: return: преобразование "double" в "float", возможна потеря данных
  (компиляция исходного файла "src/main.cpp")
  
C:\Users\User\source\repos\Minecraft\Minecraft\src\animation\skeletal\Animation.h(26,31): warning C4244: return: преобразование "double" в "float", возможна потеря данных
  (компиляция исходного файла "src/main.cpp")
  
C:\Users\User\source\repos\Minecraft\Minecraft\src\animation\skeletal\Animation.h(25,37): warning C4244: return: преобразование "double" в "float", возможна потеря данных
  (компиляция исходного файла "src/render/CloudsRenderer.cpp")
  
C:\Users\User\source\repos\Minecraft\Minecraft\src\animation\skeletal\Animation.h(26,31): warning C4244: return: преобразование "double" в "float", возможна потеря данных
  (компиляция исходного файла "src/render/CloudsRenderer.cpp")
  
C:\Users\User\source\repos\Minecraft\Minecraft\src\math\Mathf.h(6,39): warning C4305: инициализация: усечение из "double" в "const float"
  (компиляция исходного файла "src/main.cpp")
  
C:\Users\User\source\repos\Minecraft\Minecraft\src\animation\skeletal\Animation.h(25,37): warning C4244: return: преобразование "double" в "float", возможна потеря данных
  (компиляция исходного файла "src/render/GUIRenderer.cpp")
  
C:\Users\User\source\repos\Minecraft\Minecraft\src\animation\skeletal\Animation.h(26,31): warning C4244: return: преобразование "double" в "float", возможна потеря данных
  (компиляция исходного файла "src/render/GUIRenderer.cpp")
  
C:\Users\User\source\repos\Minecraft\Minecraft\src\animation\skeletal\Animation.h(25,37): warning C4244: return: преобразование "double" в "float", возможна потеря данных
  (компиляция исходного файла "src/render/Renderer.cpp")
  
C:\Users\User\source\repos\Minecraft\Minecraft\src\animation\skeletal\Animation.h(26,31): warning C4244: return: преобразование "double" в "float", возможна потеря данных
  (компиляция исходного файла "src/render/Renderer.cpp")
  
  SkyboxRenderer.cpp
  SpriteRenderer.cpp
  TextRenderer.cpp
  DepthFramebuffer.cpp
  Window.cpp
  Clouds.cpp
  RayTracing.cpp
  Sun.cpp
  World.cpp
  Chunk.cpp
C:\Users\User\source\repos\Minecraft\Minecraft\src\math\Mathf.h(6,39): warning C4305: инициализация: усечение из "double" в "const float"
  (компиляция исходного файла "src/render/SpriteRenderer.cpp")
  
  GLM: GLM_GTX_hash extension included
  ChunkManager.cpp
  ChunkModelBuilder.cpp
  DefaultWorldGenerator.cpp
  GLM: GLM_GTX_hash extension included
  SuperFlatGenerator.cpp
  GLM: GLM_GTX_hash extension included
  GLM: GLM_GTX_hash extension included
C:\Users\User\source\repos\Minecraft\Minecraft\src\math\Mathf.h(6,39): warning C4305: инициализация: усечение из "double" в "const float"
  (компиляция исходного файла "src/render/TextRenderer.cpp")
  
C:\Users\User\source\repos\Minecraft\Minecraft\src\math\Mathf.h(6,39): warning C4305: инициализация: усечение из "double" в "const float"
  (компиляция исходного файла "src/world/Sun.cpp")
  
C:\Users\User\source\repos\Minecraft\Minecraft\src\math\Mathf.h(6,39): warning C4305: инициализация: усечение из "double" в "const float"
  (компиляция исходного файла "src/world/Clouds.cpp")
  
C:\Users\User\source\repos\Minecraft\Minecraft\src\math\Mathf.h(6,39): warning C4305: инициализация: усечение из "double" в "const float"
  (компиляция исходного файла "src/render/SkyboxRenderer.cpp")
  
C:\Users\User\source\repos\Minecraft\Minecraft\src\animation\skeletal\Animation.h(25,37): warning C4244: return: преобразование "double" в "float", возможна потеря данных
  (компиляция исходного файла "src/world/RayTracing.cpp")
  
C:\Users\User\source\repos\Minecraft\Minecraft\src\animation\skeletal\Animation.h(26,31): warning C4244: return: преобразование "double" в "float", возможна потеря данных
  (компиляция исходного файла "src/world/RayTracing.cpp")
  
C:\Users\User\source\repos\Minecraft\Minecraft\src\math\Mathf.h(6,39): warning C4305: инициализация: усечение из "double" в "const float"
  (компиляция исходного файла "src/world/RayTracing.cpp")
  
C:\Users\User\source\repos\Minecraft\Minecraft\src\animation\skeletal\Animation.h(25,37): warning C4244: return: преобразование "double" в "float", возможна потеря данных
  (компиляция исходного файла "src/world/World.cpp")
  
C:\Users\User\source\repos\Minecraft\Minecraft\src\animation\skeletal\Animation.h(26,31): warning C4244: return: преобразование "double" в "float", возможна потеря данных
  (компиляция исходного файла "src/world/World.cpp")
  
C:\Users\User\source\repos\Minecraft\Minecraft\src\math\Mathf.h(6,39): warning C4305: инициализация: усечение из "double" в "const float"
  (компиляция исходного файла "src/world/World.cpp")
  
C:\Users\User\source\repos\Minecraft\Minecraft\src\animation\skeletal\Animation.h(25,37): warning C4244: return: преобразование "double" в "float", возможна потеря данных
  (компиляция исходного файла "src/render/SpriteRenderer.cpp")
  
C:\Users\User\source\repos\Minecraft\Minecraft\src\animation\skeletal\Animation.h(26,31): warning C4244: return: преобразование "double" в "float", возможна потеря данных
  (компиляция исходного файла "src/render/SpriteRenderer.cpp")
  
C:\Users\User\source\repos\Minecraft\Minecraft\src\animation\skeletal\Animation.h(25,37): warning C4244: return: преобразование "double" в "float", возможна потеря данных
  (компиляция исходного файла "src/render/SkyboxRenderer.cpp")
  
C:\Users\User\source\repos\Minecraft\Minecraft\src\animation\skeletal\Animation.h(26,31): warning C4244: return: преобразование "double" в "float", возможна потеря данных
  (компиляция исходного файла "src/render/SkyboxRenderer.cpp")
  
C:\Users\User\source\repos\Minecraft\Minecraft\src\math\Mathf.h(6,39): warning C4305: инициализация: усечение из "double" в "const float"
  (компиляция исходного файла "src/render/framebuffer/DepthFramebuffer.cpp")
  
C:\Users\User\source\repos\Minecraft\Minecraft\src\math\Mathf.h(6,39): warning C4305: инициализация: усечение из "double" в "const float"
  (компиляция исходного файла "src/window/Window.cpp")
  
C:\Users\User\source\repos\Minecraft\Minecraft\src\animation\skeletal\Animation.h(25,37): warning C4244: return: преобразование "double" в "float", возможна потеря данных
  (компиляция исходного файла "src/render/TextRenderer.cpp")
  
C:\Users\User\source\repos\Minecraft\Minecraft\src\animation\skeletal\Animation.h(26,31): warning C4244: return: преобразование "double" в "float", возможна потеря данных
  (компиляция исходного файла "src/render/TextRenderer.cpp")
  
C:\Users\User\source\repos\Minecraft\Minecraft\src\math\Mathf.h(6,39): warning C4305: инициализация: усечение из "double" в "const float"
  (компиляция исходного файла "src/world/chunk/ChunkManager.cpp")
  
C:\Users\User\source\repos\Minecraft\Minecraft\src\math\Mathf.h(6,39): warning C4305: инициализация: усечение из "double" в "const float"
  (компиляция исходного файла "src/world/chunk/Chunk.cpp")
  
C:\Users\User\source\repos\Minecraft\Minecraft\src\math\Mathf.h(6,39): warning C4305: инициализация: усечение из "double" в "const float"
  (компиляция исходного файла "src/world/generation/terrain/DefaultWorldGenerator.cpp")
  
C:\Users\User\source\repos\Minecraft\Minecraft\src\animation\skeletal\Animation.h(25,37): warning C4244: return: преобразование "double" в "float", возможна потеря данных
  (компиляция исходного файла "src/render/framebuffer/DepthFramebuffer.cpp")
  
C:\Users\User\source\repos\Minecraft\Minecraft\src\animation\skeletal\Animation.h(26,31): warning C4244: return: преобразование "double" в "float", возможна потеря данных
  (компиляция исходного файла "src/render/framebuffer/DepthFramebuffer.cpp")
  
C:\Users\User\source\repos\Minecraft\Minecraft\src\animation\skeletal\Animation.h(25,37): warning C4244: return: преобразование "double" в "float", возможна потеря данных
  (компиляция исходного файла "src/window/Window.cpp")
  
C:\Users\User\source\repos\Minecraft\Minecraft\src\animation\skeletal\Animation.h(26,31): warning C4244: return: преобразование "double" в "float", возможна потеря данных
  (компиляция исходного файла "src/window/Window.cpp")
  
C:\Users\User\source\repos\Minecraft\Minecraft\src\animation\skeletal\Animation.h(25,37): warning C4244: return: преобразование "double" в "float", возможна потеря данных
  (компиляция исходного файла "src/world/Clouds.cpp")
  
C:\Users\User\source\repos\Minecraft\Minecraft\src\animation\skeletal\Animation.h(26,31): warning C4244: return: преобразование "double" в "float", возможна потеря данных
  (компиляция исходного файла "src/world/Clouds.cpp")
  
C:\Users\User\source\repos\Minecraft\Minecraft\src\math\Mathf.h(6,39): warning C4305: инициализация: усечение из "double" в "const float"
  (компиляция исходного файла "src/world/chunk/ChunkModelBuilder.cpp")
  
C:\Users\User\source\repos\Minecraft\Minecraft\src\window\Window.cpp(37,50): warning C4244: аргумент: преобразование "double" в "int", возможна потеря данных
C:\Users\User\source\repos\Minecraft\Minecraft\src\window\Window.cpp(37,36): warning C4244: аргумент: преобразование "double" в "int", возможна потеря данных
C:\Users\User\source\repos\Minecraft\Minecraft\src\window\Window.cpp(103,25): warning C4244: =: преобразование "float" в "int", возможна потеря данных
C:\Users\User\source\repos\Minecraft\Minecraft\src\window\Window.cpp(104,27): warning C4244: =: преобразование "float" в "int", возможна потеря данных
C:\Users\User\source\repos\Minecraft\Minecraft\src\window\Window.cpp(156,18): warning C4244: инициализация: преобразование "float" в "int", возможна потеря данных
C:\Users\User\source\repos\Minecraft\Minecraft\src\window\Window.cpp(157,18): warning C4244: инициализация: преобразование "float" в "int", возможна потеря данных
C:\Users\User\source\repos\Minecraft\Minecraft\src\render\framebuffer\DepthFramebuffer.cpp(49,2): warning C4244: аргумент: преобразование "float" в "GLsizei", возможна потеря данных
C:\Users\User\source\repos\Minecraft\Minecraft\src\render\framebuffer\DepthFramebuffer.cpp(65,2): warning C4244: аргумент: преобразование "float" в "GLsizei", возможна потеря данных
C:\Users\User\source\repos\Minecraft\Minecraft\src\math\Mathf.h(6,39): warning C4305: инициализация: усечение из "double" в "const float"
  (компиляция исходного файла "src/world/generation/terrain/SuperFlatGenerator.cpp")
  
C:\Users\User\source\repos\Minecraft\Minecraft\src\animation\skeletal\Animation.h(25,37): warning C4244: return: преобразование "double" в "float", возможна потеря данных
  (компиляция исходного файла "src/world/Sun.cpp")
  
C:\Users\User\source\repos\Minecraft\Minecraft\src\animation\skeletal\Animation.h(26,31): warning C4244: return: преобразование "double" в "float", возможна потеря данных
  (компиляция исходного файла "src/world/Sun.cpp")
  
C:\Users\User\source\repos\Minecraft\Minecraft\src\animation\skeletal\Animation.h(25,37): warning C4244: return: преобразование "double" в "float", возможна потеря данных
  (компиляция исходного файла "src/world/chunk/ChunkManager.cpp")
  
C:\Users\User\source\repos\Minecraft\Minecraft\src\animation\skeletal\Animation.h(26,31): warning C4244: return: преобразование "double" в "float", возможна потеря данных
  (компиляция исходного файла "src/world/chunk/ChunkManager.cpp")
  
C:\Users\User\source\repos\Minecraft\Minecraft\src\animation\skeletal\Animation.h(25,37): warning C4244: return: преобразование "double" в "float", возможна потеря данных
  (компиляция исходного файла "src/world/chunk/Chunk.cpp")
  
C:\Users\User\source\repos\Minecraft\Minecraft\src\animation\skeletal\Animation.h(26,31): warning C4244: return: преобразование "double" в "float", возможна потеря данных
  (компиляция исходного файла "src/world/chunk/Chunk.cpp")
  
C:\Users\User\source\repos\Minecraft\Minecraft\src\animation\skeletal\Animation.h(25,37): warning C4244: return: преобразование "double" в "float", возможна потеря данных
  (компиляция исходного файла "src/world/generation/terrain/DefaultWorldGenerator.cpp")
  
C:\Users\User\source\repos\Minecraft\Minecraft\src\animation\skeletal\Animation.h(26,31): warning C4244: return: преобразование "double" в "float", возможна потеря данных
  (компиляция исходного файла "src/world/generation/terrain/DefaultWorldGenerator.cpp")
  
C:\Users\User\source\repos\Minecraft\Minecraft\src\animation\skeletal\Animation.h(25,37): warning C4244: return: преобразование "double" в "float", возможна потеря данных
  (компиляция исходного файла "src/world/chunk/ChunkModelBuilder.cpp")
  
C:\Users\User\source\repos\Minecraft\Minecraft\src\animation\skeletal\Animation.h(26,31): warning C4244: return: преобразование "double" в "float", возможна потеря данных
  (компиляция исходного файла "src/world/chunk/ChunkModelBuilder.cpp")
  
C:\Users\User\source\repos\Minecraft\Minecraft\src\world\chunk\ChunkManager.cpp(97,14): warning C4244: инициализация: преобразование "int" в "float", возможна потеря данных
C:\Users\User\source\repos\Minecraft\Minecraft\src\world\chunk\ChunkManager.cpp(98,14): warning C4244: инициализация: преобразование "int" в "float", возможна потеря данных
C:\Users\User\source\repos\Minecraft\Minecraft\src\world\chunk\ChunkManager.cpp(99,14): warning C4244: инициализация: преобразование "int" в "float", возможна потеря данных
C:\Users\User\source\repos\Minecraft\Minecraft\src\world\chunk\ChunkManager.cpp(100,14): warning C4244: инициализация: преобразование "int" в "float", возможна потеря данных
C:\Users\User\source\repos\Minecraft\Minecraft\src\world\chunk\Chunk.cpp(127,28): warning C4244: =: преобразование "float" в "int", возможна потеря данных
C:\Users\User\source\repos\Minecraft\Minecraft\src\world\chunk\Chunk.cpp(136,16): warning C4244: =: преобразование "int" в "T", возможна потеря данных
C:\Users\User\source\repos\Minecraft\Minecraft\src\world\chunk\Chunk.cpp(136,16): warning C4244:         with
C:\Users\User\source\repos\Minecraft\Minecraft\src\world\chunk\Chunk.cpp(136,16): warning C4244:         [
C:\Users\User\source\repos\Minecraft\Minecraft\src\world\chunk\Chunk.cpp(136,16): warning C4244:             T=float
C:\Users\User\source\repos\Minecraft\Minecraft\src\world\chunk\Chunk.cpp(136,16): warning C4244:         ]
C:\Users\User\source\repos\Minecraft\Minecraft\src\world\chunk\Chunk.cpp(137,16): warning C4244: =: преобразование "int" в "T", возможна потеря данных
C:\Users\User\source\repos\Minecraft\Minecraft\src\world\chunk\Chunk.cpp(137,16): warning C4244:         with
C:\Users\User\source\repos\Minecraft\Minecraft\src\world\chunk\Chunk.cpp(137,16): warning C4244:         [
C:\Users\User\source\repos\Minecraft\Minecraft\src\world\chunk\Chunk.cpp(137,16): warning C4244:             T=float
C:\Users\User\source\repos\Minecraft\Minecraft\src\world\chunk\Chunk.cpp(137,16): warning C4244:         ]
C:\Users\User\source\repos\Minecraft\Minecraft\src\world\chunk\Chunk.cpp(138,28): warning C4244: =: преобразование "int" в "T", возможна потеря данных
C:\Users\User\source\repos\Minecraft\Minecraft\src\world\chunk\Chunk.cpp(138,28): warning C4244:         with
C:\Users\User\source\repos\Minecraft\Minecraft\src\world\chunk\Chunk.cpp(138,28): warning C4244:         [
C:\Users\User\source\repos\Minecraft\Minecraft\src\world\chunk\Chunk.cpp(138,28): warning C4244:             T=float
C:\Users\User\source\repos\Minecraft\Minecraft\src\world\chunk\Chunk.cpp(138,28): warning C4244:         ]
C:\Users\User\source\repos\Minecraft\Minecraft\src\world\chunk\Chunk.cpp(168,9): warning C4244: return: преобразование "float" в "int", возможна потеря данных
C:\Users\User\source\repos\Minecraft\Minecraft\src\world\World.cpp(20,18): warning C4244: =: преобразование "time_t" в "uint32_t", возможна потеря данных
C:\Users\User\source\repos\Minecraft\Minecraft\src\world\World.cpp(65,26): warning C4244: =: преобразование "float" в "T", возможна потеря данных
C:\Users\User\source\repos\Minecraft\Minecraft\src\world\World.cpp(65,26): warning C4244:         with
C:\Users\User\source\repos\Minecraft\Minecraft\src\world\World.cpp(65,26): warning C4244:         [
C:\Users\User\source\repos\Minecraft\Minecraft\src\world\World.cpp(65,26): warning C4244:             T=int
C:\Users\User\source\repos\Minecraft\Minecraft\src\world\World.cpp(65,26): warning C4244:         ]
C:\Users\User\source\repos\Minecraft\Minecraft\src\world\World.cpp(66,26): warning C4244: =: преобразование "float" в "T", возможна потеря данных
C:\Users\User\source\repos\Minecraft\Minecraft\src\world\World.cpp(66,26): warning C4244:         with
C:\Users\User\source\repos\Minecraft\Minecraft\src\world\World.cpp(66,26): warning C4244:         [
C:\Users\User\source\repos\Minecraft\Minecraft\src\world\World.cpp(66,26): warning C4244:             T=int
C:\Users\User\source\repos\Minecraft\Minecraft\src\world\World.cpp(66,26): warning C4244:         ]
C:\Users\User\source\repos\Minecraft\Minecraft\src\world\World.cpp(67,26): warning C4244: =: преобразование "int" в "T", возможна потеря данных
C:\Users\User\source\repos\Minecraft\Minecraft\src\world\World.cpp(67,26): warning C4244:         with
C:\Users\User\source\repos\Minecraft\Minecraft\src\world\World.cpp(67,26): warning C4244:         [
C:\Users\User\source\repos\Minecraft\Minecraft\src\world\World.cpp(67,26): warning C4244:             T=float
C:\Users\User\source\repos\Minecraft\Minecraft\src\world\World.cpp(67,26): warning C4244:         ]
C:\Users\User\source\repos\Minecraft\Minecraft\src\world\World.cpp(68,26): warning C4244: =: преобразование "int" в "T", возможна потеря данных
C:\Users\User\source\repos\Minecraft\Minecraft\src\world\World.cpp(68,26): warning C4244:         with
C:\Users\User\source\repos\Minecraft\Minecraft\src\world\World.cpp(68,26): warning C4244:         [
C:\Users\User\source\repos\Minecraft\Minecraft\src\world\World.cpp(68,26): warning C4244:             T=float
C:\Users\User\source\repos\Minecraft\Minecraft\src\world\World.cpp(68,26): warning C4244:         ]
C:\Users\User\source\repos\Minecraft\Minecraft\src\world\World.cpp(71,34): warning C4244: =: преобразование "int" в "T", возможна потеря данных
C:\Users\User\source\repos\Minecraft\Minecraft\src\world\World.cpp(71,34): warning C4244:         with
C:\Users\User\source\repos\Minecraft\Minecraft\src\world\World.cpp(71,34): warning C4244:         [
C:\Users\User\source\repos\Minecraft\Minecraft\src\world\World.cpp(71,34): warning C4244:             T=float
C:\Users\User\source\repos\Minecraft\Minecraft\src\world\World.cpp(71,34): warning C4244:         ]
C:\Users\User\source\repos\Minecraft\Minecraft\src\animation\skeletal\Animation.h(25,37): warning C4244: return: преобразование "double" в "float", возможна потеря данных
  (компиляция исходного файла "src/world/generation/terrain/SuperFlatGenerator.cpp")
  
C:\Users\User\source\repos\Minecraft\Minecraft\src\animation\skeletal\Animation.h(26,31): warning C4244: return: преобразование "double" в "float", возможна потеря данных
  (компиляция исходного файла "src/world/generation/terrain/SuperFlatGenerator.cpp")
  
C:\Program Files\Microsoft Visual Studio\2022\Community\VC\Tools\MSVC\14.43.34808\include\memory(3594,56): warning C4244: аргумент: преобразование "const float" в "int", возможна потеря данных
  (компиляция исходного файла "src/world/Clouds.cpp")
      C:\Program Files\Microsoft Visual Studio\2022\Community\VC\Tools\MSVC\14.43.34808\include\memory(3594,56):
      контекст создания экземпляра шаблона (сначала самый старый)
          C:\Users\User\source\repos\Minecraft\Minecraft\src\world\Clouds.cpp(41,18):
          выполняется компиляция ссылки на экземпляр шаблон функции "std::unique_ptr<NoiseMap,std::default_delete<NoiseMap>> std::make_unique<NoiseMap,const float&,const float&,0>(const float &,const float &)"
  
C:\Program Files\Microsoft Visual Studio\2022\Community\VC\Tools\MSVC\14.43.34808\include\utility(274,54): warning C4244: инициализация: преобразование "float" в "_Ty2", возможна потеря данных
C:\Program Files\Microsoft Visual Studio\2022\Community\VC\Tools\MSVC\14.43.34808\include\utility(274,54): warning C4244:         with
C:\Program Files\Microsoft Visual Studio\2022\Community\VC\Tools\MSVC\14.43.34808\include\utility(274,54): warning C4244:         [
C:\Program Files\Microsoft Visual Studio\2022\Community\VC\Tools\MSVC\14.43.34808\include\utility(274,54): warning C4244:             _Ty2=int
C:\Program Files\Microsoft Visual Studio\2022\Community\VC\Tools\MSVC\14.43.34808\include\utility(274,54): warning C4244:         ]
  (компиляция исходного файла "src/world/chunk/Chunk.cpp")
      C:\Program Files\Microsoft Visual Studio\2022\Community\VC\Tools\MSVC\14.43.34808\include\utility(274,54):
      контекст создания экземпляра шаблона (сначала самый старый)
          C:\Users\User\source\repos\Minecraft\Minecraft\src\world\chunk\Chunk.cpp(114,17):
          выполняется компиляция ссылки на экземпляр шаблон функции "std::pair<std::_List_iterator<std::_List_val<std::_List_simple_types<_Ty>>>,bool> std::_Hash<std::_Umap_traits<_Kty,int,std::_Uhash_compare<_Kty,_Hasher,_Keyeq>,_Alloc,false>>::emplace<glm::ivec2&,float&>(glm::ivec2 &,float &)"
          with
          [
              _Ty=std::pair<const glm::ivec2,int>,
              _Kty=glm::ivec2,
              _Hasher=std::hash<glm::ivec2>,
              _Keyeq=std::equal_to<glm::ivec2>,
              _Alloc=std::allocator<std::pair<const glm::ivec2,int>>
          ]
              C:\Users\User\source\repos\Minecraft\Minecraft\src\world\chunk\Chunk.cpp(114,24):
              см. первую ссылку на std::_Hash<std::_Umap_traits<_Kty,_Ty,std::_Uhash_compare<_Kty,_Hasher,_Keyeq>,_Alloc,false>>::emplace "Chunk::updateHighestBlock"
          with
          [
              _Kty=glm::ivec2,
              _Ty=int,
              _Hasher=std::hash<glm::ivec2>,
              _Keyeq=std::equal_to<glm::ivec2>,
              _Alloc=std::allocator<std::pair<const glm::ivec2,int>>
          ]
          C:\Program Files\Microsoft Visual Studio\2022\Community\VC\Tools\MSVC\14.43.34808\include\xhash(615,53):
          выполняется компиляция ссылки на экземпляр шаблон функции "std::_List_node_emplace_op2<std::allocator<std::_List_node<std::pair<const glm::ivec2,int>,std::_Default_allocator_traits<_Alloc>::void_pointer>>>::_List_node_emplace_op2<glm::ivec2&,float&>(_Alnode &,glm::ivec2 &,float &)"
          with
          [
              _Alloc=std::allocator<std::pair<const glm::ivec2,int>>,
              _Alnode=std::allocator<std::_List_node<std::pair<const glm::ivec2,int>,std::_Default_allocator_traits<std::allocator<std::pair<const glm::ivec2,int>>>::void_pointer>>
          ]
          C:\Program Files\Microsoft Visual Studio\2022\Community\VC\Tools\MSVC\14.43.34808\include\list(585,25):
          выполняется компиляция ссылки на экземпляр шаблон функции "void std::_Default_allocator_traits<_Alloc>::construct<_Ty,glm::ivec2&,float&>(_Alloc &,_Objty *const ,glm::ivec2 &,float &)"
          with
          [
              _Alloc=std::allocator<std::_List_node<std::pair<const glm::ivec2,int>,std::_Default_allocator_traits<std::allocator<std::pair<const glm::ivec2,int>>>::void_pointer>>,
              _Ty=std::pair<const glm::ivec2,int>,
              _Objty=std::pair<const glm::ivec2,int>
          ]
          C:\Program Files\Microsoft Visual Studio\2022\Community\VC\Tools\MSVC\14.43.34808\include\xmemory(730,14):
          выполняется компиляция ссылки на экземпляр шаблон функции "_Ty *std::construct_at<_Objty,glm::ivec2&,float&>(_Ty *const ,glm::ivec2 &,float &) noexcept"
          with
          [
              _Ty=std::pair<const glm::ivec2,int>,
              _Objty=std::pair<const glm::ivec2,int>
          ]
          C:\Program Files\Microsoft Visual Studio\2022\Community\VC\Tools\MSVC\14.43.34808\include\xutility(493,69):
          выполняется компиляция ссылки на экземпляр шаблон функции "std::pair<const glm::ivec2,int>::pair<glm::ivec2&,float&,0>(_Other1,_Other2) noexcept"
          with
          [
              _Other1=glm::ivec2 &,
              _Other2=float &
          ]
  
     Создается библиотека C:\Users\User\source\repos\Minecraft\x64\Release\Minecraft.lib и объект C:\Users\User\source\repos\Minecraft\x64\Release\Minecraft.exp
  Создание кода
  295 of 8850 functions ( 3.3%) were compiled, the rest were copied from previous compilation.
    3 functions were new in current compilation
    131 functions had inline decision re-evaluated but remain unchanged
  Создание кода завершено
freetype.lib(ftbase.obj) : warning LNK4099: "" PDB не найден с "freetype.lib(ftbase.obj)" или на ""; компоновка объекта выполняется как при отсутствии отладочных данных
freetype.lib(ftinit.obj) : warning LNK4099: "" PDB не найден с "freetype.lib(ftinit.obj)" или на ""; компоновка объекта выполняется как при отсутствии отладочных данных
freetype.lib(ftsystem.obj) : warning LNK4099: "" PDB не найден с "freetype.lib(ftsystem.obj)" или на ""; компоновка объекта выполняется как при отсутствии отладочных данных
freetype.lib(autofit.obj) : warning LNK4099: "" PDB не найден с "freetype.lib(autofit.obj)" или на ""; компоновка объекта выполняется как при отсутствии отладочных данных
freetype.lib(truetype.obj) : warning LNK4099: "" PDB не найден с "freetype.lib(truetype.obj)" или на ""; компоновка объекта выполняется как при отсутствии отладочных данных
freetype.lib(type1.obj) : warning LNK4099: "" PDB не найден с "freetype.lib(type1.obj)" или на ""; компоновка объекта выполняется как при отсутствии отладочных данных
freetype.lib(cff.obj) : warning LNK4099: "" PDB не найден с "freetype.lib(cff.obj)" или на ""; компоновка объекта выполняется как при отсутствии отладочных данных
freetype.lib(type1cid.obj) : warning LNK4099: "" PDB не найден с "freetype.lib(type1cid.obj)" или на ""; компоновка объекта выполняется как при отсутствии отладочных данных
freetype.lib(pfr.obj) : warning LNK4099: "" PDB не найден с "freetype.lib(pfr.obj)" или на ""; компоновка объекта выполняется как при отсутствии отладочных данных
freetype.lib(type42.obj) : warning LNK4099: "" PDB не найден с "freetype.lib(type42.obj)" или на ""; компоновка объекта выполняется как при отсутствии отладочных данных
freetype.lib(winfnt.obj) : warning LNK4099: "" PDB не найден с "freetype.lib(winfnt.obj)" или на ""; компоновка объекта выполняется как при отсутствии отладочных данных
freetype.lib(pcf.obj) : warning LNK4099: "" PDB не найден с "freetype.lib(pcf.obj)" или на ""; компоновка объекта выполняется как при отсутствии отладочных данных
freetype.lib(psaux.obj) : warning LNK4099: "" PDB не найден с "freetype.lib(psaux.obj)" или на ""; компоновка объекта выполняется как при отсутствии отладочных данных
freetype.lib(psmodule.obj) : warning LNK4099: "" PDB не найден с "freetype.lib(psmodule.obj)" или на ""; компоновка объекта выполняется как при отсутствии отладочных данных
freetype.lib(pshinter.obj) : warning LNK4099: "" PDB не найден с "freetype.lib(pshinter.obj)" или на ""; компоновка объекта выполняется как при отсутствии отладочных данных
freetype.lib(raster.obj) : warning LNK4099: "" PDB не найден с "freetype.lib(raster.obj)" или на ""; компоновка объекта выполняется как при отсутствии отладочных данных
freetype.lib(sfnt.obj) : warning LNK4099: "" PDB не найден с "freetype.lib(sfnt.obj)" или на ""; компоновка объекта выполняется как при отсутствии отладочных данных
freetype.lib(smooth.obj) : warning LNK4099: "" PDB не найден с "freetype.lib(smooth.obj)" или на ""; компоновка объекта выполняется как при отсутствии отладочных данных
freetype.lib(bdf.obj) : warning LNK4099: "" PDB не найден с "freetype.lib(bdf.obj)" или на ""; компоновка объекта выполняется как при отсутствии отладочных данных
freetype.lib(ftgzip.obj) : warning LNK4099: "" PDB не найден с "freetype.lib(ftgzip.obj)" или на ""; компоновка объекта выполняется как при отсутствии отладочных данных
freetype.lib(ftlzw.obj) : warning LNK4099: "" PDB не найден с "freetype.lib(ftlzw.obj)" или на ""; компоновка объекта выполняется как при отсутствии отладочных данных
freetype.lib(ftbitmap.obj) : warning LNK4099: "" PDB не найден с "freetype.lib(ftbitmap.obj)" или на ""; компоновка объекта выполняется как при отсутствии отладочных данных
freetype.lib(ftdebug.obj) : warning LNK4099: "" PDB не найден с "freetype.lib(ftdebug.obj)" или на ""; компоновка объекта выполняется как при отсутствии отладочных данных
  Minecraft.vcxproj -> C:\Users\User\source\repos\Minecraft\x64\Release\Minecraft.exe
