c:\users\user\source\repos\minecraft\minecraft\x64\release\camera.obj
c:\users\user\source\repos\minecraft\minecraft\x64\release\superflatgenerator.obj
c:\users\user\source\repos\minecraft\minecraft\x64\release\window.obj
c:\users\user\source\repos\minecraft\minecraft\x64\release\chunkmanager.obj
c:\users\user\source\repos\minecraft\minecraft\x64\release\blocksdatabase.obj
c:\users\user\source\repos\minecraft\minecraft\x64\release\world.obj
c:\users\user\source\repos\minecraft\minecraft\x64\release\renderer.obj
c:\users\user\source\repos\minecraft\minecraft\x64\release\main.obj
c:\users\user\source\repos\minecraft\minecraft\x64\release\chunkmeshbuilder.obj
c:\users\user\source\repos\minecraft\minecraft\x64\release\rayboxintersect.obj
c:\users\user\source\repos\minecraft\minecraft\x64\release\frustum.obj
c:\users\user\source\repos\minecraft\minecraft\x64\release\collisiondetector.obj
c:\users\user\source\repos\minecraft\minecraft\x64\release\shadersdatabase.obj
c:\users\user\source\repos\minecraft\minecraft\x64\release\ftloader.obj
c:\users\user\source\repos\minecraft\minecraft\x64\release\sun.obj
c:\users\user\source\repos\minecraft\minecraft\x64\release\chunkmesh.obj
c:\users\user\source\repos\minecraft\minecraft\x64\release\transform.obj
c:\users\user\source\repos\minecraft\minecraft\x64\release\orientation.obj
c:\users\user\source\repos\minecraft\minecraft\x64\release\boxboxcollision.obj
c:\users\user\source\repos\minecraft\minecraft\x64\release\skyboxrenderer.obj
c:\users\user\source\repos\minecraft\minecraft\x64\release\cubetexture.obj
c:\users\user\source\repos\minecraft\minecraft\x64\release\stb_image.obj
c:\users\user\source\repos\minecraft\minecraft\x64\release\itemsdatabase.obj
c:\users\user\source\repos\minecraft\minecraft\x64\release\zoomhandler.obj
c:\users\user\source\repos\minecraft\minecraft\x64\release\perlinnoise2d.obj
c:\users\user\source\repos\minecraft\minecraft\x64\release\chunk.obj
c:\users\user\source\repos\minecraft\minecraft\x64\release\entitiesdatabase.obj
c:\users\user\source\repos\minecraft\minecraft\x64\release\windowinput.obj
c:\users\user\source\repos\minecraft\minecraft\x64\release\meshdata.obj
c:\users\user\source\repos\minecraft\minecraft\x64\release\texture.obj
c:\users\user\source\repos\minecraft\minecraft\x64\release\assimploader.obj
c:\users\user\source\repos\minecraft\minecraft\x64\release\model.obj
c:\users\user\source\repos\minecraft\minecraft\x64\release\textureatlas.obj
c:\users\user\source\repos\minecraft\minecraft\x64\release\inventorygui.obj
c:\users\user\source\repos\minecraft\minecraft\x64\release\entityrenderer.obj
c:\users\user\source\repos\minecraft\minecraft\x64\release\defaultworldgenerator.obj
c:\users\user\source\repos\minecraft\minecraft\x64\release\itemmeta.obj
c:\users\user\source\repos\minecraft\minecraft\x64\release\rayrectintersect.obj
c:\users\user\source\repos\minecraft\minecraft\x64\release\collisionhandler.obj
c:\users\user\source\repos\minecraft\minecraft\x64\release\sprite.obj
c:\users\user\source\repos\minecraft\minecraft\x64\release\textureloader.obj
c:\users\user\source\repos\minecraft\minecraft\x64\release\json.obj
c:\users\user\source\repos\minecraft\minecraft\x64\release\guiinput.obj
c:\users\user\source\repos\minecraft\minecraft\x64\release\blockframerenderer.obj
c:\users\user\source\repos\minecraft\minecraft\x64\release\block.obj
c:\users\user\source\repos\minecraft\minecraft\x64\release\input.obj
c:\users\user\source\repos\minecraft\minecraft\x64\release\inventory.obj
c:\users\user\source\repos\minecraft\minecraft\x64\release\player.obj
c:\users\user\source\repos\minecraft\minecraft\x64\release\raytracing.obj
c:\users\user\source\repos\minecraft\minecraft\x64\release\glhelper.obj
c:\users\user\source\repos\minecraft\minecraft\x64\release\boxcollider.obj
c:\users\user\source\repos\minecraft\minecraft\x64\release\physicsengine.obj
c:\users\user\source\repos\minecraft\minecraft\x64\release\customtexture.obj
c:\users\user\source\repos\minecraft\minecraft\x64\release\text2d.obj
c:\users\user\source\repos\minecraft\minecraft\x64\release\timer.obj
c:\users\user\source\repos\minecraft\minecraft\x64\release\itemstack.obj
c:\users\user\source\repos\minecraft\minecraft\x64\release\movementsinput.obj
c:\users\user\source\repos\minecraft\minecraft\x64\release\noisemap.obj
c:\users\user\source\repos\minecraft\minecraft\x64\release\chunkrenderer.obj
c:\users\user\source\repos\minecraft\minecraft\x64\release\entity.obj
c:\users\user\source\repos\minecraft\minecraft\x64\release\mesh.obj
c:\users\user\source\repos\minecraft\minecraft\x64\release\textrenderer.obj
c:\users\user\source\repos\minecraft\minecraft\x64\release\config.obj
c:\users\user\source\repos\minecraft\minecraft\x64\release\itemmetaloader.obj
c:\users\user\source\repos\minecraft\minecraft\x64\release\camerainput.obj
c:\users\user\source\repos\minecraft\minecraft\x64\release\noisemanager.obj
c:\users\user\source\repos\minecraft\minecraft\x64\release\playstate.obj
c:\users\user\source\repos\minecraft\minecraft\x64\release\guimanager.obj
c:\users\user\source\repos\minecraft\minecraft\x64\release\cloudsrenderer.obj
c:\users\user\source\repos\minecraft\minecraft\x64\release\clouds.obj
c:\users\user\source\repos\minecraft\minecraft\x64\release\guidatabase.obj
c:\users\user\source\repos\minecraft\minecraft\x64\release\guirenderer.obj
c:\users\user\source\repos\minecraft\minecraft\x64\release\depthframebuffer.obj
c:\users\user\source\repos\minecraft\minecraft\x64\release\inventoryview.obj
c:\users\user\source\repos\minecraft\minecraft\x64\release\gameobject.obj
c:\users\user\source\repos\minecraft\minecraft\x64\release\blockmetaloader.obj
c:\users\user\source\repos\minecraft\minecraft\x64\release\shader.obj
c:\users\user\source\repos\minecraft\minecraft\x64\release\gui.obj
c:\users\user\source\repos\minecraft\minecraft\x64\release\drawable.obj
c:\users\user\source\repos\minecraft\minecraft\x64\release\spriterenderer.obj
c:\users\user\source\repos\minecraft\minecraft\x64\release\basictexture.obj
c:\users\user\source\repos\minecraft\minecraft\x64\release\texturemanager.obj
c:\users\user\source\repos\minecraft\minecraft\x64\release\files.obj
c:\users\user\source\repos\minecraft\minecraft\x64\release\vc143.pdb
c:\users\user\source\repos\minecraft\minecraft\x64\release\aabb.obj
c:\users\user\source\repos\minecraft\minecraft\x64\release\blockinteractsinput.obj
c:\users\user\source\repos\minecraft\minecraft\x64\release\chunkmodel.obj
c:\users\user\source\repos\minecraft\minecraft\x64\release\chunkmodelbuilder.obj
c:\users\user\source\repos\minecraft\x64\release\minecraft.lib
c:\users\user\source\repos\minecraft\x64\release\minecraft.exp
c:\users\user\source\repos\minecraft\x64\release\minecraft.exe
c:\users\user\source\repos\minecraft\x64\release\minecraft.pdb
c:\users\user\source\repos\minecraft\minecraft\x64\release\minecraft.ipdb
c:\users\user\source\repos\minecraft\minecraft\x64\release\minecraft.iobj
c:\users\user\source\repos\minecraft\minecraft\x64\release\minecraft.tlog\cl.command.1.tlog
c:\users\user\source\repos\minecraft\minecraft\x64\release\minecraft.tlog\cl.items.tlog
c:\users\user\source\repos\minecraft\minecraft\x64\release\minecraft.tlog\cl.read.1.tlog
c:\users\user\source\repos\minecraft\minecraft\x64\release\minecraft.tlog\cl.write.1.tlog
c:\users\user\source\repos\minecraft\minecraft\x64\release\minecraft.tlog\link.command.1.tlog
c:\users\user\source\repos\minecraft\minecraft\x64\release\minecraft.tlog\link.read.1.tlog
c:\users\user\source\repos\minecraft\minecraft\x64\release\minecraft.tlog\link.secondary.1.tlog
c:\users\user\source\repos\minecraft\minecraft\x64\release\minecraft.tlog\link.write.1.tlog
