c:\users\user\source\repos\minecraft\minecraft\x64\debug\minecraft\vc143.pdb
c:\users\user\source\repos\minecraft\minecraft\x64\debug\minecraft\vc143.idb
c:\users\user\source\repos\minecraft\minecraft\x64\debug\minecraft\textureloader.obj
c:\users\user\source\repos\minecraft\minecraft\x64\debug\minecraft\shadersdatabase.obj
c:\users\user\source\repos\minecraft\minecraft\x64\debug\minecraft\skyboxrenderer.obj
c:\users\user\source\repos\minecraft\minecraft\x64\debug\minecraft\mesh.obj
c:\users\user\source\repos\minecraft\minecraft\x64\debug\minecraft\entityrenderer.obj
c:\users\user\source\repos\minecraft\minecraft\x64\debug\minecraft\player.obj
c:\users\user\source\repos\minecraft\minecraft\x64\debug\minecraft\movementsinput.obj
c:\users\user\source\repos\minecraft\minecraft\x64\debug\minecraft\camerainput.obj
c:\users\user\source\repos\minecraft\minecraft\x64\debug\minecraft\physicsengine.obj
c:\users\user\source\repos\minecraft\minecraft\x64\debug\minecraft\collisionhandler.obj
c:\users\user\source\repos\minecraft\minecraft\x64\debug\minecraft\collisiondetector.obj
c:\users\user\source\repos\minecraft\minecraft\x64\debug\minecraft\boxboxcollision.obj
c:\users\user\source\repos\minecraft\minecraft\x64\debug\minecraft\boxcollider.obj
c:\users\user\source\repos\minecraft\minecraft\x64\debug\minecraft\orientation.obj
c:\users\user\source\repos\minecraft\minecraft\x64\debug\minecraft\frustum.obj
c:\users\user\source\repos\minecraft\minecraft\x64\debug\minecraft\rayrectintersect.obj
c:\users\user\source\repos\minecraft\minecraft\x64\debug\minecraft\rayboxintersect.obj
c:\users\user\source\repos\minecraft\minecraft\x64\debug\minecraft\transform.obj
c:\users\user\source\repos\minecraft\minecraft\x64\debug\minecraft\entity.obj
c:\users\user\source\repos\minecraft\minecraft\x64\debug\minecraft\entitiesdatabase.obj
c:\users\user\source\repos\minecraft\minecraft\x64\debug\minecraft\files.obj
c:\users\user\source\repos\minecraft\minecraft\x64\debug\minecraft\shader.obj
c:\users\user\source\repos\minecraft\minecraft\x64\debug\minecraft\model.obj
c:\users\user\source\repos\minecraft\minecraft\x64\debug\minecraft\camera.obj
c:\users\user\source\repos\minecraft\minecraft\x64\debug\minecraft\json.obj
c:\users\user\source\repos\minecraft\minecraft\x64\debug\minecraft\texturemanager.obj
c:\users\user\source\repos\minecraft\minecraft\x64\debug\minecraft\renderer.obj
c:\users\user\source\repos\minecraft\minecraft\x64\debug\minecraft\stb_image.obj
c:\users\user\source\repos\minecraft\minecraft\x64\debug\minecraft\config.obj
c:\users\user\source\repos\minecraft\minecraft\x64\debug\minecraft\basictexture.obj
c:\users\user\source\repos\minecraft\minecraft\x64\debug\minecraft\cubetexture.obj
c:\users\user\source\repos\minecraft\minecraft\x64\debug\minecraft\chunk.obj
c:\users\user\source\repos\minecraft\minecraft\x64\debug\minecraft\time.obj
c:\users\user\source\repos\minecraft\minecraft\x64\debug\minecraft\depthframebuffer.obj
c:\users\user\source\repos\minecraft\minecraft\x64\debug\minecraft\chunkrenderer.obj
c:\users\user\source\repos\minecraft\minecraft\x64\debug\minecraft\playstate.obj
c:\users\user\source\repos\minecraft\minecraft\x64\debug\minecraft\sun.obj
c:\users\user\source\repos\minecraft\minecraft\x64\debug\minecraft\raytracing.obj
c:\users\user\source\repos\minecraft\minecraft\x64\debug\minecraft\block.obj
c:\users\user\source\repos\minecraft\minecraft\x64\debug\minecraft\assimploader.obj
c:\users\user\source\repos\minecraft\minecraft\x64\debug\minecraft\world.obj
c:\users\user\source\repos\minecraft\minecraft\x64\debug\minecraft\superflatgenerator.obj
c:\users\user\source\repos\minecraft\minecraft\x64\debug\minecraft\chunkmeshbuilder.obj
c:\users\user\source\repos\minecraft\minecraft\x64\debug\minecraft\chunkmesh.obj
c:\users\user\source\repos\minecraft\minecraft\x64\debug\minecraft\chunkmanager.obj
c:\users\user\source\repos\minecraft\minecraft\x64\debug\minecraft\blocksdatabase.obj
c:\users\user\source\repos\minecraft\minecraft\x64\debug\minecraft\textureatlas.obj
c:\users\user\source\repos\minecraft\minecraft\x64\debug\minecraft\window.obj
c:\users\user\source\repos\minecraft\minecraft\x64\debug\minecraft\main.obj
c:\users\user\source\repos\minecraft\minecraft\x64\debug\minecraft\events.obj
c:\users\user\source\repos\minecraft\minecraft\x64\debug\minecraft\blockframerenderer.obj
c:\users\user\source\repos\minecraft\minecraft\x64\debug\minecraft\zoomhandler.obj
c:\users\user\source\repos\minecraft\minecraft\x64\debug\minecraft\guidatabase.obj
c:\users\user\source\repos\minecraft\minecraft\x64\debug\minecraft\sprite.obj
c:\users\user\source\repos\minecraft\minecraft\x64\debug\minecraft\drawable.obj
c:\users\user\source\repos\minecraft\minecraft\x64\debug\minecraft\texture.obj
c:\users\user\source\repos\minecraft\minecraft\x64\debug\minecraft\guirenderer.obj
c:\users\user\source\repos\minecraft\minecraft\x64\debug\minecraft\gui.obj
c:\users\user\source\repos\minecraft\minecraft\x64\debug\minecraft\windowinput.obj
c:\users\user\source\repos\minecraft\minecraft\x64\debug\minecraft\input.obj
c:\users\user\source\repos\minecraft\minecraft\x64\debug\minecraft\perlinnoise2d.obj
c:\users\user\source\repos\minecraft\minecraft\x64\debug\minecraft\defaultworldgenerator.obj
c:\users\user\source\repos\minecraft\minecraft\x64\debug\minecraft\timer.obj
c:\users\user\source\repos\minecraft\minecraft\x64\debug\minecraft\gameobject.obj
c:\users\user\source\repos\minecraft\minecraft\x64\debug\minecraft\minecraft.ilk
c:\users\user\source\repos\minecraft\x64\debug\minecraft.exe
c:\users\user\source\repos\minecraft\x64\debug\minecraft.pdb
c:\users\user\source\repos\minecraft\minecraft\x64\debug\minecraft\chunkmanager.obj.enc
c:\users\user\source\repos\minecraft\minecraft\x64\debug\minecraft\chunkmeshbuilder.obj.enc
c:\users\user\source\repos\minecraft\minecraft\x64\debug\minecraft\collisiondetector.obj.enc
c:\users\user\source\repos\minecraft\minecraft\x64\debug\minecraft\sun.obj.enc
c:\users\user\source\repos\minecraft\minecraft\x64\debug\minecraft\world.obj.enc
c:\users\user\source\repos\minecraft\minecraft\x64\debug\minecraft\assimploader.nativecodeanalysis.xml
c:\users\user\source\repos\minecraft\minecraft\x64\debug\minecraft\basictexture.nativecodeanalysis.xml
c:\users\user\source\repos\minecraft\minecraft\x64\debug\minecraft\block.nativecodeanalysis.xml
c:\users\user\source\repos\minecraft\minecraft\x64\debug\minecraft\blocksdatabase.nativecodeanalysis.xml
c:\users\user\source\repos\minecraft\minecraft\x64\debug\minecraft\boxboxcollision.nativecodeanalysis.xml
c:\users\user\source\repos\minecraft\minecraft\x64\debug\minecraft\boxcollider.nativecodeanalysis.xml
c:\users\user\source\repos\minecraft\minecraft\x64\debug\minecraft\camera.nativecodeanalysis.xml
c:\users\user\source\repos\minecraft\minecraft\x64\debug\minecraft\camerainput.nativecodeanalysis.xml
c:\users\user\source\repos\minecraft\minecraft\x64\debug\minecraft\chunk.nativecodeanalysis.xml
c:\users\user\source\repos\minecraft\minecraft\x64\debug\minecraft\chunkmanager.nativecodeanalysis.xml
c:\users\user\source\repos\minecraft\minecraft\x64\debug\minecraft\chunkmesh.nativecodeanalysis.xml
c:\users\user\source\repos\minecraft\minecraft\x64\debug\minecraft\chunkmeshbuilder.nativecodeanalysis.xml
c:\users\user\source\repos\minecraft\minecraft\x64\debug\minecraft\chunkrenderer.nativecodeanalysis.xml
c:\users\user\source\repos\minecraft\minecraft\x64\debug\minecraft\collisiondetector.nativecodeanalysis.xml
c:\users\user\source\repos\minecraft\minecraft\x64\debug\minecraft\collisionhandler.nativecodeanalysis.xml
c:\users\user\source\repos\minecraft\minecraft\x64\debug\minecraft\config.nativecodeanalysis.xml
c:\users\user\source\repos\minecraft\minecraft\x64\debug\minecraft\cubetexture.nativecodeanalysis.xml
c:\users\user\source\repos\minecraft\minecraft\x64\debug\minecraft\depthframebuffer.nativecodeanalysis.xml
c:\users\user\source\repos\minecraft\minecraft\x64\debug\minecraft\entitiesdatabase.nativecodeanalysis.xml
c:\users\user\source\repos\minecraft\minecraft\x64\debug\minecraft\entity.nativecodeanalysis.xml
c:\users\user\source\repos\minecraft\minecraft\x64\debug\minecraft\entityrenderer.nativecodeanalysis.xml
c:\users\user\source\repos\minecraft\minecraft\x64\debug\minecraft\events.nativecodeanalysis.xml
c:\users\user\source\repos\minecraft\minecraft\x64\debug\minecraft\files.nativecodeanalysis.xml
c:\users\user\source\repos\minecraft\minecraft\x64\debug\minecraft\frustum.nativecodeanalysis.xml
c:\users\user\source\repos\minecraft\minecraft\x64\debug\minecraft\json.nativecodeanalysis.xml
c:\users\user\source\repos\minecraft\minecraft\x64\debug\minecraft\main.nativecodeanalysis.xml
c:\users\user\source\repos\minecraft\minecraft\x64\debug\minecraft\mesh.nativecodeanalysis.xml
c:\users\user\source\repos\minecraft\minecraft\x64\debug\minecraft\model.nativecodeanalysis.xml
c:\users\user\source\repos\minecraft\minecraft\x64\debug\minecraft\movementsinput.nativecodeanalysis.xml
c:\users\user\source\repos\minecraft\minecraft\x64\debug\minecraft\orientation.nativecodeanalysis.xml
c:\users\user\source\repos\minecraft\minecraft\x64\debug\minecraft\physicsengine.nativecodeanalysis.xml
c:\users\user\source\repos\minecraft\minecraft\x64\debug\minecraft\player.nativecodeanalysis.xml
c:\users\user\source\repos\minecraft\minecraft\x64\debug\minecraft\playstate.nativecodeanalysis.xml
c:\users\user\source\repos\minecraft\minecraft\x64\debug\minecraft\rayboxintersect.nativecodeanalysis.xml
c:\users\user\source\repos\minecraft\minecraft\x64\debug\minecraft\rayrectintersect.nativecodeanalysis.xml
c:\users\user\source\repos\minecraft\minecraft\x64\debug\minecraft\raytracing.nativecodeanalysis.xml
c:\users\user\source\repos\minecraft\minecraft\x64\debug\minecraft\renderer.nativecodeanalysis.xml
c:\users\user\source\repos\minecraft\minecraft\x64\debug\minecraft\shader.nativecodeanalysis.xml
c:\users\user\source\repos\minecraft\minecraft\x64\debug\minecraft\shadersdatabase.nativecodeanalysis.xml
c:\users\user\source\repos\minecraft\minecraft\x64\debug\minecraft\skyboxrenderer.nativecodeanalysis.xml
c:\users\user\source\repos\minecraft\minecraft\x64\debug\minecraft\stb_image.nativecodeanalysis.xml
c:\users\user\source\repos\minecraft\minecraft\x64\debug\minecraft\sun.nativecodeanalysis.xml
c:\users\user\source\repos\minecraft\minecraft\x64\debug\minecraft\superflatgenerator.nativecodeanalysis.xml
c:\users\user\source\repos\minecraft\minecraft\x64\debug\minecraft\textureatlas.nativecodeanalysis.xml
c:\users\user\source\repos\minecraft\minecraft\x64\debug\minecraft\textureloader.nativecodeanalysis.xml
c:\users\user\source\repos\minecraft\minecraft\x64\debug\minecraft\texturemanager.nativecodeanalysis.xml
c:\users\user\source\repos\minecraft\minecraft\x64\debug\minecraft\time.nativecodeanalysis.xml
c:\users\user\source\repos\minecraft\minecraft\x64\debug\minecraft\transform.nativecodeanalysis.xml
c:\users\user\source\repos\minecraft\minecraft\x64\debug\minecraft\vc.nativecodeanalysis.all.xml
c:\users\user\source\repos\minecraft\minecraft\x64\debug\minecraft\window.nativecodeanalysis.xml
c:\users\user\source\repos\minecraft\minecraft\x64\debug\minecraft\world.nativecodeanalysis.xml
c:\users\user\source\repos\minecraft\minecraft\x64\debug\minecraft\minecraft.tlog\cl.command.1.tlog
c:\users\user\source\repos\minecraft\minecraft\x64\debug\minecraft\minecraft.tlog\cl.read.1.tlog
c:\users\user\source\repos\minecraft\minecraft\x64\debug\minecraft\minecraft.tlog\cl.write.1.tlog
c:\users\user\source\repos\minecraft\minecraft\x64\debug\minecraft\minecraft.tlog\link.command.1.tlog
c:\users\user\source\repos\minecraft\minecraft\x64\debug\minecraft\minecraft.tlog\link.read.1.tlog
c:\users\user\source\repos\minecraft\minecraft\x64\debug\minecraft\minecraft.tlog\link.write.1.tlog
