  Entity.cpp
  CameraInput.cpp
C:\Users\User\source\repos\Minecraft\Minecraft\src\input\handlers\CameraInput.h(4,10): warning C4067: непредвиденные лексемы за директивой препроцессора, требуется newline
  MovementsInput.cpp
  WindowInput.cpp
  main.cpp
  PhysicsEngine.cpp
  CollisionDetector.cpp
  Camera.cpp
  Renderer.cpp
  PlayState.cpp
C:\Users\User\source\repos\Minecraft\Minecraft\src\input\handlers\CameraInput.h(4,10): warning C4067: непредвиденные лексемы за директивой препроцессора, требуется newline
  RayTracing.cpp
  Sun.cpp
  World.cpp
C:\Users\User\source\repos\Minecraft\Minecraft\src\world\World.cpp(13,13): warning C4244: =: преобразование "time_t" в "unsigned int", возможна потеря данных
C:\Users\User\source\repos\Minecraft\Minecraft\src\world\World.cpp(53,26): warning C4244: =: преобразование "int" в "T", возможна потеря данных
          with
          [
              T=float
          ]
C:\Users\User\source\repos\Minecraft\Minecraft\src\world\World.cpp(54,26): warning C4244: =: преобразование "int" в "T", возможна потеря данных
          with
          [
              T=float
          ]
C:\Users\User\source\repos\Minecraft\Minecraft\src\world\World.cpp(55,26): warning C4244: =: преобразование "int" в "T", возможна потеря данных
          with
          [
              T=float
          ]
C:\Users\User\source\repos\Minecraft\Minecraft\src\world\World.cpp(56,26): warning C4244: =: преобразование "int" в "T", возможна потеря данных
          with
          [
              T=float
          ]
C:\Users\User\source\repos\Minecraft\Minecraft\src\world\World.cpp(59,34): warning C4244: =: преобразование "int" в "T", возможна потеря данных
          with
          [
              T=float
          ]
C:\Users\User\source\repos\Minecraft\Minecraft\src\world\World.cpp(77,15): warning C4244: инициализация: преобразование "T" в "int", возможна потеря данных
          with
          [
              T=float
          ]
C:\Users\User\source\repos\Minecraft\Minecraft\src\world\World.cpp(78,16): warning C4244: инициализация: преобразование "T" в "int", возможна потеря данных
          with
          [
              T=float
          ]
  Chunk.cpp
  GLM: GLM_GTX_hash extension included
C:\Users\User\source\repos\Minecraft\Minecraft\src\world\chunk\Chunk.cpp(134,28): warning C4244: =: преобразование "float" в "int", возможна потеря данных
C:\Users\User\source\repos\Minecraft\Minecraft\src\world\chunk\Chunk.cpp(143,16): warning C4244: =: преобразование "int" в "T", возможна потеря данных
          with
          [
              T=float
          ]
C:\Users\User\source\repos\Minecraft\Minecraft\src\world\chunk\Chunk.cpp(144,16): warning C4244: =: преобразование "int" в "T", возможна потеря данных
          with
          [
              T=float
          ]
C:\Users\User\source\repos\Minecraft\Minecraft\src\world\chunk\Chunk.cpp(145,28): warning C4244: =: преобразование "int" в "T", возможна потеря данных
          with
          [
              T=float
          ]
C:\Users\User\source\repos\Minecraft\Minecraft\src\world\chunk\Chunk.cpp(151,47): warning C4244: return: преобразование "T" в "int", возможна потеря данных
          with
          [
              T=float
          ]
C:\Program Files\Microsoft Visual Studio\2022\Community\VC\Tools\MSVC\14.34.31933\include\utility(172,54): warning C4244: инициализация: преобразование "float" в "_Ty2", возможна потеря данных
          with
          [
              _Ty2=int
          ]
C:\Program Files\Microsoft Visual Studio\2022\Community\VC\Tools\MSVC\14.34.31933\include\xmemory(673,1): message : выполняется компиляция ссылки на экземпляр шаблон функции "std::pair<const glm::vec2,int>::pair<glm::vec2&,float&,0>(_Other1,_Other2) noexcept"
          with
          [
              _Other1=glm::vec2 &,
              _Other2=float &
          ]
C:\Program Files\Microsoft Visual Studio\2022\Community\VC\Tools\MSVC\14.34.31933\include\xmemory(680,47): message : выполняется компиляция ссылки на экземпляр шаблон функции "std::pair<const glm::vec2,int>::pair<glm::vec2&,float&,0>(_Other1,_Other2) noexcept"
          with
          [
              _Other1=glm::vec2 &,
              _Other2=float &
          ]
C:\Program Files\Microsoft Visual Studio\2022\Community\VC\Tools\MSVC\14.34.31933\include\list(584,1): message : выполняется компиляция ссылки на экземпляр шаблон функции "void std::_Default_allocator_traits<_Alloc>::construct<_Ty,glm::vec2&,float&>(_Alloc &,_Objty *const ,glm::vec2 &,float &)"
          with
          [
              _Alloc=std::allocator<std::_List_node<std::pair<const glm::vec2,int>,std::_Default_allocator_traits<std::allocator<std::pair<const glm::vec2,int>>>::void_pointer>>,
              _Ty=std::pair<const glm::vec2,int>,
              _Objty=std::pair<const glm::vec2,int>
          ]
C:\Program Files\Microsoft Visual Studio\2022\Community\VC\Tools\MSVC\14.34.31933\include\list(586,34): message : выполняется компиляция ссылки на экземпляр шаблон функции "void std::_Default_allocator_traits<_Alloc>::construct<_Ty,glm::vec2&,float&>(_Alloc &,_Objty *const ,glm::vec2 &,float &)"
          with
          [
              _Alloc=std::allocator<std::_List_node<std::pair<const glm::vec2,int>,std::_Default_allocator_traits<std::allocator<std::pair<const glm::vec2,int>>>::void_pointer>>,
              _Ty=std::pair<const glm::vec2,int>,
              _Objty=std::pair<const glm::vec2,int>
          ]
C:\Program Files\Microsoft Visual Studio\2022\Community\VC\Tools\MSVC\14.34.31933\include\xhash(588,52): message : выполняется компиляция ссылки на экземпляр шаблон функции "std::_List_node_emplace_op2<std::allocator<std::_List_node<std::pair<const glm::vec2,int>,std::_Default_allocator_traits<_Alloc>::void_pointer>>>::_List_node_emplace_op2<glm::vec2&,float&>(_Alnode &,glm::vec2 &,float &)"
          with
          [
              _Alloc=std::allocator<std::pair<const glm::vec2,int>>,
              _Alnode=std::allocator<std::_List_node<std::pair<const glm::vec2,int>,std::_Default_allocator_traits<std::allocator<std::pair<const glm::vec2,int>>>::void_pointer>>
          ]
C:\Program Files\Microsoft Visual Studio\2022\Community\VC\Tools\MSVC\14.34.31933\include\xhash(612,53): message : выполняется компиляция ссылки на экземпляр шаблон функции "std::_List_node_emplace_op2<std::allocator<std::_List_node<std::pair<const glm::vec2,int>,std::_Default_allocator_traits<_Alloc>::void_pointer>>>::_List_node_emplace_op2<glm::vec2&,float&>(_Alnode &,glm::vec2 &,float &)"
          with
          [
              _Alloc=std::allocator<std::pair<const glm::vec2,int>>,
              _Alnode=std::allocator<std::_List_node<std::pair<const glm::vec2,int>,std::_Default_allocator_traits<std::allocator<std::pair<const glm::vec2,int>>>::void_pointer>>
          ]
C:\Users\User\source\repos\Minecraft\Minecraft\src\world\chunk\Chunk.cpp(121,33): message : выполняется компиляция ссылки на экземпляр шаблон функции "std::pair<std::_List_iterator<std::_List_val<std::_List_simple_types<_Ty>>>,bool> std::_Hash<std::_Umap_traits<_Kty,int,std::_Uhash_compare<_Kty,_Hasher,_Keyeq>,_Alloc,false>>::emplace<glm::vec2&,float&>(glm::vec2 &,float &)"
          with
          [
              _Ty=std::pair<const glm::vec2,int>,
              _Kty=glm::vec2,
              _Hasher=std::hash<glm::vec2>,
              _Keyeq=std::equal_to<glm::vec2>,
              _Alloc=std::allocator<std::pair<const glm::vec2,int>>
          ]
C:\Users\User\source\repos\Minecraft\Minecraft\src\world\chunk\Chunk.cpp(121,24): message : выполняется компиляция ссылки на экземпляр шаблон функции "std::pair<std::_List_iterator<std::_List_val<std::_List_simple_types<_Ty>>>,bool> std::_Hash<std::_Umap_traits<_Kty,int,std::_Uhash_compare<_Kty,_Hasher,_Keyeq>,_Alloc,false>>::emplace<glm::vec2&,float&>(glm::vec2 &,float &)"
          with
          [
              _Ty=std::pair<const glm::vec2,int>,
              _Kty=glm::vec2,
              _Hasher=std::hash<glm::vec2>,
              _Keyeq=std::equal_to<glm::vec2>,
              _Alloc=std::allocator<std::pair<const glm::vec2,int>>
          ]
  ChunkManager.cpp
  GLM: GLM_GTX_hash extension included
  ChunkMeshBuilder.cpp
  SuperFlatGenerator.cpp
  GLM: GLM_GTX_hash extension included
  Создание кода...
C:\Users\User\source\repos\Minecraft\Minecraft\src\math\intersects\IntersectList.h(28): warning C4172: возвращение адреса локальной или временной переменной : minPoint
  Minecraft.vcxproj -> C:\Users\User\source\repos\Minecraft\x64\Debug\Minecraft.exe
